<?xml version='1.0' encoding='UTF-8'?>
<testsuite hostname="Dhirendras-MacBook-Pro.local" name="model.UserSpec" tests="5" errors="0" failures="0" skipped="0" time="0.033" timestamp="2024-07-28T16:15:45">
          <properties>
[...]
</properties>
          <testcase classname="model.UserSpec" name="User should correctly serialize to JSON" time="0.031">
                      
                    </testcase><testcase classname="model.UserSpec" name="User should correctly deserialize from JSON" time="0.001">
                      
                    </testcase><testcase classname="model.UserSpec" name="User should correctly handle JSON serialization and deserialization" time="0.0">
                      
                    </testcase><testcase classname="model.UserSpec" name="User should have the correct default values when created" time="0.0">
                      
                    </testcase><testcase classname="model.UserSpec" name="User should handle different user values correctly" time="0.001">
                      
                    </testcase>
          <system-out><![CDATA[]]></system-out>
          <system-err><![CDATA[]]></system-err>
        </testsuite>